Analysis & Synthesis report for ALU
Tue Oct 16 02:11:00 2018
Quartus Prime Version 18.0.0 Build 614 04/24/2018 SJ Lite Edition


---------------------
; Table of Contents ;
---------------------
  1. Legal Notice
  2. Analysis & Synthesis Summary
  3. Analysis & Synthesis Settings
  4. Parallel Compilation
  5. Analysis & Synthesis Source Files Read
  6. Analysis & Synthesis Resource Usage Summary
  7. Analysis & Synthesis Resource Utilization by Entity
  8. General Register Statistics
  9. Multiplexer Restructuring Statistics (Restructuring Performed)
 10. Parameter Settings for User Entity Instance: Top-level Entity: |ALU_N_bits
 11. Parameter Settings for User Entity Instance: mux_Sumador:mux_S
 12. Parameter Settings for User Entity Instance: sumador:suma_F
 13. Parameter Settings for User Entity Instance: and_A:and_F
 14. Parameter Settings for User Entity Instance: or_A:or_F
 15. Parameter Settings for User Entity Instance: xor_A:xor_F
 16. Parameter Settings for User Entity Instance: not_A:not_F
 17. Parameter Settings for User Entity Instance: left_shift_arithmetic:lsa
 18. Parameter Settings for User Entity Instance: right_shift_arithmetic:rsa
 19. Parameter Settings for User Entity Instance: left_shift_logic:lsl
 20. Parameter Settings for User Entity Instance: right_shift_logic:rsl
 21. Parameter Settings for User Entity Instance: mux_ALU:mux_F
 22. Parameter Settings for User Entity Instance: flags:flags_F
 23. Port Connectivity Checks: "flags:flags_F"
 24. Port Connectivity Checks: "sumador:suma_F"
 25. Port Connectivity Checks: "mux_Sumador:mux_S"
 26. Post-Synthesis Netlist Statistics for Top Partition
 27. Elapsed Time Per Partition
 28. Analysis & Synthesis Messages



----------------
; Legal Notice ;
----------------
Copyright (C) 2018  Intel Corporation. All rights reserved.
Your use of Intel Corporation's design tools, logic functions 
and other software and tools, and its AMPP partner logic 
functions, and any output files from any of the foregoing 
(including device programming or simulation files), and any 
associated documentation or information are expressly subject 
to the terms and conditions of the Intel Program License 
Subscription Agreement, the Intel Quartus Prime License Agreement,
the Intel FPGA IP License Agreement, or other applicable license
agreement, including, without limitation, that your use is for
the sole purpose of programming logic devices manufactured by
Intel and sold by Intel or its authorized distributors.  Please
refer to the applicable agreement for further details.



+-------------------------------------------------------------------------------+
; Analysis & Synthesis Summary                                                  ;
+---------------------------------+---------------------------------------------+
; Analysis & Synthesis Status     ; Successful - Tue Oct 16 02:11:00 2018       ;
; Quartus Prime Version           ; 18.0.0 Build 614 04/24/2018 SJ Lite Edition ;
; Revision Name                   ; ALU                                         ;
; Top-level Entity Name           ; ALU_N_bits                                  ;
; Family                          ; Cyclone V                                   ;
; Logic utilization (in ALMs)     ; N/A                                         ;
; Total registers                 ; 0                                           ;
; Total pins                      ; 32                                          ;
; Total virtual pins              ; 0                                           ;
; Total block memory bits         ; 0                                           ;
; Total DSP Blocks                ; 0                                           ;
; Total HSSI RX PCSs              ; 0                                           ;
; Total HSSI PMA RX Deserializers ; 0                                           ;
; Total HSSI TX PCSs              ; 0                                           ;
; Total HSSI PMA TX Serializers   ; 0                                           ;
; Total PLLs                      ; 0                                           ;
; Total DLLs                      ; 0                                           ;
+---------------------------------+---------------------------------------------+


+---------------------------------------------------------------------------------------------------------------------------+
; Analysis & Synthesis Settings                                                                                             ;
+---------------------------------------------------------------------------------+--------------------+--------------------+
; Option                                                                          ; Setting            ; Default Value      ;
+---------------------------------------------------------------------------------+--------------------+--------------------+
; Device                                                                          ; 5CSEMA5F31C6       ;                    ;
; Top-level entity name                                                           ; ALU_N_bits         ; ALU                ;
; Family name                                                                     ; Cyclone V          ; Cyclone V          ;
; Use smart compilation                                                           ; Off                ; Off                ;
; Enable parallel Assembler and Timing Analyzer during compilation                ; On                 ; On                 ;
; Enable compact report table                                                     ; Off                ; Off                ;
; Restructure Multiplexers                                                        ; Auto               ; Auto               ;
; MLAB Add Timing Constraints For Mixed-Port Feed-Through Mode Setting Don't Care ; Off                ; Off                ;
; Create Debugging Nodes for IP Cores                                             ; Off                ; Off                ;
; Preserve fewer node names                                                       ; On                 ; On                 ;
; Intel FPGA IP Evaluation Mode                                                   ; Enable             ; Enable             ;
; Verilog Version                                                                 ; Verilog_2001       ; Verilog_2001       ;
; VHDL Version                                                                    ; VHDL_1993          ; VHDL_1993          ;
; State Machine Processing                                                        ; Auto               ; Auto               ;
; Safe State Machine                                                              ; Off                ; Off                ;
; Extract Verilog State Machines                                                  ; On                 ; On                 ;
; Extract VHDL State Machines                                                     ; On                 ; On                 ;
; Ignore Verilog initial constructs                                               ; Off                ; Off                ;
; Iteration limit for constant Verilog loops                                      ; 5000               ; 5000               ;
; Iteration limit for non-constant Verilog loops                                  ; 250                ; 250                ;
; Add Pass-Through Logic to Inferred RAMs                                         ; On                 ; On                 ;
; Infer RAMs from Raw Logic                                                       ; On                 ; On                 ;
; Parallel Synthesis                                                              ; On                 ; On                 ;
; DSP Block Balancing                                                             ; Auto               ; Auto               ;
; NOT Gate Push-Back                                                              ; On                 ; On                 ;
; Power-Up Don't Care                                                             ; On                 ; On                 ;
; Remove Redundant Logic Cells                                                    ; Off                ; Off                ;
; Remove Duplicate Registers                                                      ; On                 ; On                 ;
; Ignore CARRY Buffers                                                            ; Off                ; Off                ;
; Ignore CASCADE Buffers                                                          ; Off                ; Off                ;
; Ignore GLOBAL Buffers                                                           ; Off                ; Off                ;
; Ignore ROW GLOBAL Buffers                                                       ; Off                ; Off                ;
; Ignore LCELL Buffers                                                            ; Off                ; Off                ;
; Ignore SOFT Buffers                                                             ; On                 ; On                 ;
; Limit AHDL Integers to 32 Bits                                                  ; Off                ; Off                ;
; Optimization Technique                                                          ; Balanced           ; Balanced           ;
; Carry Chain Length                                                              ; 70                 ; 70                 ;
; Auto Carry Chains                                                               ; On                 ; On                 ;
; Auto Open-Drain Pins                                                            ; On                 ; On                 ;
; Perform WYSIWYG Primitive Resynthesis                                           ; Off                ; Off                ;
; Auto ROM Replacement                                                            ; On                 ; On                 ;
; Auto RAM Replacement                                                            ; On                 ; On                 ;
; Auto DSP Block Replacement                                                      ; On                 ; On                 ;
; Auto Shift Register Replacement                                                 ; Auto               ; Auto               ;
; Allow Shift Register Merging across Hierarchies                                 ; Auto               ; Auto               ;
; Auto Clock Enable Replacement                                                   ; On                 ; On                 ;
; Strict RAM Replacement                                                          ; Off                ; Off                ;
; Allow Synchronous Control Signals                                               ; On                 ; On                 ;
; Force Use of Synchronous Clear Signals                                          ; Off                ; Off                ;
; Auto Resource Sharing                                                           ; Off                ; Off                ;
; Allow Any RAM Size For Recognition                                              ; Off                ; Off                ;
; Allow Any ROM Size For Recognition                                              ; Off                ; Off                ;
; Allow Any Shift Register Size For Recognition                                   ; Off                ; Off                ;
; Use LogicLock Constraints during Resource Balancing                             ; On                 ; On                 ;
; Ignore translate_off and synthesis_off directives                               ; Off                ; Off                ;
; Timing-Driven Synthesis                                                         ; On                 ; On                 ;
; Report Parameter Settings                                                       ; On                 ; On                 ;
; Report Source Assignments                                                       ; On                 ; On                 ;
; Report Connectivity Checks                                                      ; On                 ; On                 ;
; Ignore Maximum Fan-Out Assignments                                              ; Off                ; Off                ;
; Synchronization Register Chain Length                                           ; 3                  ; 3                  ;
; Power Optimization During Synthesis                                             ; Normal compilation ; Normal compilation ;
; HDL message level                                                               ; Level2             ; Level2             ;
; Suppress Register Optimization Related Messages                                 ; Off                ; Off                ;
; Number of Removed Registers Reported in Synthesis Report                        ; 5000               ; 5000               ;
; Number of Swept Nodes Reported in Synthesis Report                              ; 5000               ; 5000               ;
; Number of Inverted Registers Reported in Synthesis Report                       ; 100                ; 100                ;
; Clock MUX Protection                                                            ; On                 ; On                 ;
; Auto Gated Clock Conversion                                                     ; Off                ; Off                ;
; Block Design Naming                                                             ; Auto               ; Auto               ;
; SDC constraint protection                                                       ; Off                ; Off                ;
; Synthesis Effort                                                                ; Auto               ; Auto               ;
; Shift Register Replacement - Allow Asynchronous Clear Signal                    ; On                 ; On                 ;
; Pre-Mapping Resynthesis Optimization                                            ; Off                ; Off                ;
; Analysis & Synthesis Message Level                                              ; Medium             ; Medium             ;
; Disable Register Merging Across Hierarchies                                     ; Auto               ; Auto               ;
; Resource Aware Inference For Block RAM                                          ; On                 ; On                 ;
; Automatic Parallel Synthesis                                                    ; On                 ; On                 ;
; Partial Reconfiguration Bitstream ID                                            ; Off                ; Off                ;
+---------------------------------------------------------------------------------+--------------------+--------------------+


+------------------------------------------+
; Parallel Compilation                     ;
+----------------------------+-------------+
; Processors                 ; Number      ;
+----------------------------+-------------+
; Number detected on machine ; 4           ;
; Maximum allowed            ; 2           ;
;                            ;             ;
; Average used               ; 1.00        ;
; Maximum used               ; 1           ;
;                            ;             ;
; Usage by Processor         ; % Time Used ;
;     Processor 1            ; 100.0%      ;
+----------------------------+-------------+


+------------------------------------------------------------------------------------------------------------------------------------------------------------------------------+
; Analysis & Synthesis Source Files Read                                                                                                                                       ;
+----------------------------------+-----------------+------------------------------+--------------------------------------------------------------------------------+---------+
; File Name with User-Entered Path ; Used in Netlist ; File Type                    ; File Name with Absolute Path                                                   ; Library ;
+----------------------------------+-----------------+------------------------------+--------------------------------------------------------------------------------+---------+
; mux_ALU.sv                       ; yes             ; User SystemVerilog HDL File  ; C:/Users/Chris/Documents/TEC/Taller/LAB_3/ALU_N_bits/mux_ALU.sv                ;         ;
; mux_Sumador.sv                   ; yes             ; User SystemVerilog HDL File  ; C:/Users/Chris/Documents/TEC/Taller/LAB_3/ALU_N_bits/mux_Sumador.sv            ;         ;
; right_shift_logic.sv             ; yes             ; User SystemVerilog HDL File  ; C:/Users/Chris/Documents/TEC/Taller/LAB_3/ALU_N_bits/right_shift_logic.sv      ;         ;
; right_shift_arithmetic.sv        ; yes             ; User SystemVerilog HDL File  ; C:/Users/Chris/Documents/TEC/Taller/LAB_3/ALU_N_bits/right_shift_arithmetic.sv ;         ;
; left_shift_logic.sv              ; yes             ; User SystemVerilog HDL File  ; C:/Users/Chris/Documents/TEC/Taller/LAB_3/ALU_N_bits/left_shift_logic.sv       ;         ;
; left_shift_arithmetic.sv         ; yes             ; User SystemVerilog HDL File  ; C:/Users/Chris/Documents/TEC/Taller/LAB_3/ALU_N_bits/left_shift_arithmetic.sv  ;         ;
; not_A.sv                         ; yes             ; User SystemVerilog HDL File  ; C:/Users/Chris/Documents/TEC/Taller/LAB_3/ALU_N_bits/not_A.sv                  ;         ;
; xor_A.sv                         ; yes             ; User SystemVerilog HDL File  ; C:/Users/Chris/Documents/TEC/Taller/LAB_3/ALU_N_bits/xor_A.sv                  ;         ;
; sumador.sv                       ; yes             ; User SystemVerilog HDL File  ; C:/Users/Chris/Documents/TEC/Taller/LAB_3/ALU_N_bits/sumador.sv                ;         ;
; or_A.sv                          ; yes             ; User SystemVerilog HDL File  ; C:/Users/Chris/Documents/TEC/Taller/LAB_3/ALU_N_bits/or_A.sv                   ;         ;
; and_A.sv                         ; yes             ; User SystemVerilog HDL File  ; C:/Users/Chris/Documents/TEC/Taller/LAB_3/ALU_N_bits/and_A.sv                  ;         ;
; ALU_N_bits.sv                    ; yes             ; User SystemVerilog HDL File  ; C:/Users/Chris/Documents/TEC/Taller/LAB_3/ALU_N_bits/ALU_N_bits.sv             ;         ;
; flags.sv                         ; yes             ; User SystemVerilog HDL File  ; C:/Users/Chris/Documents/TEC/Taller/LAB_3/ALU_N_bits/flags.sv                  ;         ;
+----------------------------------+-----------------+------------------------------+--------------------------------------------------------------------------------+---------+


+-------------------------------------------------------------------+
; Analysis & Synthesis Resource Usage Summary                       ;
+---------------------------------------------+---------------------+
; Resource                                    ; Usage               ;
+---------------------------------------------+---------------------+
; Estimate of Logic utilization (ALMs needed) ; 22                  ;
;                                             ;                     ;
; Combinational ALUT usage for logic          ; 28                  ;
;     -- 7 input functions                    ; 6                   ;
;     -- 6 input functions                    ; 10                  ;
;     -- 5 input functions                    ; 6                   ;
;     -- 4 input functions                    ; 3                   ;
;     -- <=3 input functions                  ; 3                   ;
;                                             ;                     ;
; Dedicated logic registers                   ; 0                   ;
;                                             ;                     ;
; I/O pins                                    ; 32                  ;
;                                             ;                     ;
; Total DSP Blocks                            ; 0                   ;
;                                             ;                     ;
; Maximum fan-out node                        ; ALUControl[0]~input ;
; Maximum fan-out                             ; 20                  ;
; Total fan-out                               ; 193                 ;
; Average fan-out                             ; 2.10                ;
+---------------------------------------------+---------------------+


+-----------------------------------------------------------------------------------------------------------------------------------------------------------------------------------------------+
; Analysis & Synthesis Resource Utilization by Entity                                                                                                                                           ;
+----------------------------+---------------------+---------------------------+-------------------+------------+------+--------------+----------------------------+-------------+--------------+
; Compilation Hierarchy Node ; Combinational ALUTs ; Dedicated Logic Registers ; Block Memory Bits ; DSP Blocks ; Pins ; Virtual Pins ; Full Hierarchy Name        ; Entity Name ; Library Name ;
+----------------------------+---------------------+---------------------------+-------------------+------------+------+--------------+----------------------------+-------------+--------------+
; |ALU_N_bits                ; 28 (0)              ; 0 (0)                     ; 0                 ; 0          ; 32   ; 0            ; |ALU_N_bits                ; ALU_N_bits  ; work         ;
;    |mux_ALU:mux_F|         ; 27 (27)             ; 0 (0)                     ; 0                 ; 0          ; 0    ; 0            ; |ALU_N_bits|mux_ALU:mux_F  ; mux_ALU     ; work         ;
;    |sumador:suma_F|        ; 1 (1)               ; 0 (0)                     ; 0                 ; 0          ; 0    ; 0            ; |ALU_N_bits|sumador:suma_F ; sumador     ; work         ;
+----------------------------+---------------------+---------------------------+-------------------+------------+------+--------------+----------------------------+-------------+--------------+
Note: For table entries with two numbers listed, the numbers in parentheses indicate the number of resources of the given type used by the specific entity alone. The numbers listed outside of parentheses indicate the total resources of the given type used by the specific entity and all of its sub-entities in the hierarchy.


+------------------------------------------------------+
; General Register Statistics                          ;
+----------------------------------------------+-------+
; Statistic                                    ; Value ;
+----------------------------------------------+-------+
; Total registers                              ; 0     ;
; Number of registers using Synchronous Clear  ; 0     ;
; Number of registers using Synchronous Load   ; 0     ;
; Number of registers using Asynchronous Clear ; 0     ;
; Number of registers using Asynchronous Load  ; 0     ;
; Number of registers using Clock Enable       ; 0     ;
; Number of registers using Preset             ; 0     ;
+----------------------------------------------+-------+


+----------------------------------------------------------------------------------------------------------------------------------------------+
; Multiplexer Restructuring Statistics (Restructuring Performed)                                                                               ;
+--------------------+-----------+---------------+----------------------+------------------------+------------+--------------------------------+
; Multiplexer Inputs ; Bus Width ; Baseline Area ; Area if Restructured ; Saving if Restructured ; Registered ; Example Multiplexer Output     ;
+--------------------+-----------+---------------+----------------------+------------------------+------------+--------------------------------+
; 10:1               ; 6 bits    ; 36 LEs        ; 36 LEs               ; 0 LEs                  ; No         ; |ALU_N_bits|mux_ALU:mux_F|Mux6 ;
+--------------------+-----------+---------------+----------------------+------------------------+------------+--------------------------------+


+----------------------------------------------------------------------------+
; Parameter Settings for User Entity Instance: Top-level Entity: |ALU_N_bits ;
+----------------+-------+---------------------------------------------------+
; Parameter Name ; Value ; Type                                              ;
+----------------+-------+---------------------------------------------------+
; N              ; 8     ; Signed Integer                                    ;
+----------------+-------+---------------------------------------------------+
Note: In order to hide this table in the UI and the text report file, please set the "Show Parameter Settings in Synthesis Report" option in "Analysis and Synthesis Settings -> More Settings" to "Off".


+----------------------------------------------------------------+
; Parameter Settings for User Entity Instance: mux_Sumador:mux_S ;
+----------------+-------+---------------------------------------+
; Parameter Name ; Value ; Type                                  ;
+----------------+-------+---------------------------------------+
; N              ; 8     ; Signed Integer                        ;
+----------------+-------+---------------------------------------+
Note: In order to hide this table in the UI and the text report file, please set the "Show Parameter Settings in Synthesis Report" option in "Analysis and Synthesis Settings -> More Settings" to "Off".


+-------------------------------------------------------------+
; Parameter Settings for User Entity Instance: sumador:suma_F ;
+----------------+-------+------------------------------------+
; Parameter Name ; Value ; Type                               ;
+----------------+-------+------------------------------------+
; N              ; 8     ; Signed Integer                     ;
+----------------+-------+------------------------------------+
Note: In order to hide this table in the UI and the text report file, please set the "Show Parameter Settings in Synthesis Report" option in "Analysis and Synthesis Settings -> More Settings" to "Off".


+----------------------------------------------------------+
; Parameter Settings for User Entity Instance: and_A:and_F ;
+----------------+-------+---------------------------------+
; Parameter Name ; Value ; Type                            ;
+----------------+-------+---------------------------------+
; N              ; 8     ; Signed Integer                  ;
+----------------+-------+---------------------------------+
Note: In order to hide this table in the UI and the text report file, please set the "Show Parameter Settings in Synthesis Report" option in "Analysis and Synthesis Settings -> More Settings" to "Off".


+--------------------------------------------------------+
; Parameter Settings for User Entity Instance: or_A:or_F ;
+----------------+-------+-------------------------------+
; Parameter Name ; Value ; Type                          ;
+----------------+-------+-------------------------------+
; N              ; 8     ; Signed Integer                ;
+----------------+-------+-------------------------------+
Note: In order to hide this table in the UI and the text report file, please set the "Show Parameter Settings in Synthesis Report" option in "Analysis and Synthesis Settings -> More Settings" to "Off".


+----------------------------------------------------------+
; Parameter Settings for User Entity Instance: xor_A:xor_F ;
+----------------+-------+---------------------------------+
; Parameter Name ; Value ; Type                            ;
+----------------+-------+---------------------------------+
; N              ; 8     ; Signed Integer                  ;
+----------------+-------+---------------------------------+
Note: In order to hide this table in the UI and the text report file, please set the "Show Parameter Settings in Synthesis Report" option in "Analysis and Synthesis Settings -> More Settings" to "Off".


+----------------------------------------------------------+
; Parameter Settings for User Entity Instance: not_A:not_F ;
+----------------+-------+---------------------------------+
; Parameter Name ; Value ; Type                            ;
+----------------+-------+---------------------------------+
; N              ; 8     ; Signed Integer                  ;
+----------------+-------+---------------------------------+
Note: In order to hide this table in the UI and the text report file, please set the "Show Parameter Settings in Synthesis Report" option in "Analysis and Synthesis Settings -> More Settings" to "Off".


+------------------------------------------------------------------------+
; Parameter Settings for User Entity Instance: left_shift_arithmetic:lsa ;
+----------------+-------+-----------------------------------------------+
; Parameter Name ; Value ; Type                                          ;
+----------------+-------+-----------------------------------------------+
; N              ; 8     ; Signed Integer                                ;
+----------------+-------+-----------------------------------------------+
Note: In order to hide this table in the UI and the text report file, please set the "Show Parameter Settings in Synthesis Report" option in "Analysis and Synthesis Settings -> More Settings" to "Off".


+-------------------------------------------------------------------------+
; Parameter Settings for User Entity Instance: right_shift_arithmetic:rsa ;
+----------------+-------+------------------------------------------------+
; Parameter Name ; Value ; Type                                           ;
+----------------+-------+------------------------------------------------+
; N              ; 8     ; Signed Integer                                 ;
+----------------+-------+------------------------------------------------+
Note: In order to hide this table in the UI and the text report file, please set the "Show Parameter Settings in Synthesis Report" option in "Analysis and Synthesis Settings -> More Settings" to "Off".


+-------------------------------------------------------------------+
; Parameter Settings for User Entity Instance: left_shift_logic:lsl ;
+----------------+-------+------------------------------------------+
; Parameter Name ; Value ; Type                                     ;
+----------------+-------+------------------------------------------+
; N              ; 8     ; Signed Integer                           ;
+----------------+-------+------------------------------------------+
Note: In order to hide this table in the UI and the text report file, please set the "Show Parameter Settings in Synthesis Report" option in "Analysis and Synthesis Settings -> More Settings" to "Off".


+--------------------------------------------------------------------+
; Parameter Settings for User Entity Instance: right_shift_logic:rsl ;
+----------------+-------+-------------------------------------------+
; Parameter Name ; Value ; Type                                      ;
+----------------+-------+-------------------------------------------+
; N              ; 8     ; Signed Integer                            ;
+----------------+-------+-------------------------------------------+
Note: In order to hide this table in the UI and the text report file, please set the "Show Parameter Settings in Synthesis Report" option in "Analysis and Synthesis Settings -> More Settings" to "Off".


+------------------------------------------------------------+
; Parameter Settings for User Entity Instance: mux_ALU:mux_F ;
+----------------+-------+-----------------------------------+
; Parameter Name ; Value ; Type                              ;
+----------------+-------+-----------------------------------+
; N              ; 8     ; Signed Integer                    ;
+----------------+-------+-----------------------------------+
Note: In order to hide this table in the UI and the text report file, please set the "Show Parameter Settings in Synthesis Report" option in "Analysis and Synthesis Settings -> More Settings" to "Off".


+------------------------------------------------------------+
; Parameter Settings for User Entity Instance: flags:flags_F ;
+----------------+-------+-----------------------------------+
; Parameter Name ; Value ; Type                              ;
+----------------+-------+-----------------------------------+
; N_b            ; 8     ; Signed Integer                    ;
+----------------+-------+-----------------------------------+
Note: In order to hide this table in the UI and the text report file, please set the "Show Parameter Settings in Synthesis Report" option in "Analysis and Synthesis Settings -> More Settings" to "Off".


+---------------------------------------------------------------------------------------------------------------------------------------------------------------------------------------------------------------+
; Port Connectivity Checks: "flags:flags_F"                                                                                                                                                                     ;
+--------+--------+----------+----------------------------------------------------------------------------------------------------------------------------------------------------------------------------------+
; Port   ; Type   ; Severity ; Details                                                                                                                                                                          ;
+--------+--------+----------+----------------------------------------------------------------------------------------------------------------------------------------------------------------------------------+
; result ; Input  ; Warning  ; Input port expression (1 bits) is smaller than the input port (8 bits) it drives.  Extra input bit(s) "result[7..1]" will be connected to GND.                                   ;
; Cout   ; Input  ; Warning  ; Input port expression (4 bits) is wider than the input port (1 bits) it drives.  The 3 most-significant bit(s) in the expression will be dangling if they have no other fanouts. ;
; FLAGS  ; Output ; Warning  ; Declared by entity but not connected by instance. Logic that only feeds a dangling port will be removed.                                                                         ;
+--------+--------+----------+----------------------------------------------------------------------------------------------------------------------------------------------------------------------------------+


+-------------------------------------------------------------------------------------------------------------------------------------------------------------------------------------------------------------+
; Port Connectivity Checks: "sumador:suma_F"                                                                                                                                                                  ;
+------+--------+----------+----------------------------------------------------------------------------------------------------------------------------------------------------------------------------------+
; Port ; Type   ; Severity ; Details                                                                                                                                                                          ;
+------+--------+----------+----------------------------------------------------------------------------------------------------------------------------------------------------------------------------------+
; a    ; Input  ; Warning  ; Input port expression (8 bits) is wider than the input port (1 bits) it drives.  The 7 most-significant bit(s) in the expression will be dangling if they have no other fanouts. ;
; b    ; Input  ; Warning  ; Input port expression (8 bits) is wider than the input port (1 bits) it drives.  The 7 most-significant bit(s) in the expression will be dangling if they have no other fanouts. ;
; cin  ; Input  ; Warning  ; Input port expression (4 bits) is wider than the input port (1 bits) it drives.  The 3 most-significant bit(s) in the expression will be dangling if they have no other fanouts. ;
; s    ; Output ; Warning  ; Output or bidir port (1 bits) is smaller than the port expression (8 bits) it drives.  The 7 most-significant bit(s) in the port expression will be connected to GND.            ;
; cout ; Output ; Warning  ; Output or bidir port (1 bits) is smaller than the port expression (4 bits) it drives.  The 3 most-significant bit(s) in the port expression will be connected to GND.            ;
+------+--------+----------+----------------------------------------------------------------------------------------------------------------------------------------------------------------------------------+


+---------------------------------------------------------------------------------------------------------------------+
; Port Connectivity Checks: "mux_Sumador:mux_S"                                                                       ;
+-----------+--------+----------+-------------------------------------------------------------------------------------+
; Port      ; Type   ; Severity ; Details                                                                             ;
+-----------+--------+----------+-------------------------------------------------------------------------------------+
; OUT[7..1] ; Output ; Info     ; Connected to dangling logic. Logic that only feeds a dangling port will be removed. ;
+-----------+--------+----------+-------------------------------------------------------------------------------------+


+-----------------------------------------------------+
; Post-Synthesis Netlist Statistics for Top Partition ;
+-----------------------+-----------------------------+
; Type                  ; Count                       ;
+-----------------------+-----------------------------+
; arriav_lcell_comb     ; 29                          ;
;     extend            ; 6                           ;
;         7 data inputs ; 6                           ;
;     normal            ; 23                          ;
;         0 data inputs ; 1                           ;
;         2 data inputs ; 1                           ;
;         3 data inputs ; 2                           ;
;         4 data inputs ; 3                           ;
;         5 data inputs ; 6                           ;
;         6 data inputs ; 10                          ;
; boundary_port         ; 32                          ;
;                       ;                             ;
; Max LUT depth         ; 2.00                        ;
; Average LUT depth     ; 1.94                        ;
+-----------------------+-----------------------------+


+-------------------------------+
; Elapsed Time Per Partition    ;
+----------------+--------------+
; Partition Name ; Elapsed Time ;
+----------------+--------------+
; Top            ; 00:00:01     ;
+----------------+--------------+


+-------------------------------+
; Analysis & Synthesis Messages ;
+-------------------------------+
Info: *******************************************************************
Info: Running Quartus Prime Analysis & Synthesis
    Info: Version 18.0.0 Build 614 04/24/2018 SJ Lite Edition
    Info: Processing started: Tue Oct 16 02:10:36 2018
Info: Command: quartus_map --read_settings_files=on --write_settings_files=off ALU -c ALU
Warning (18236): Number of processors has not been specified which may cause overloading on shared machines.  Set the global assignment NUM_PARALLEL_PROCESSORS in your QSF to an appropriate value for best performance.
Info (20030): Parallel compilation is enabled and will use 2 of the 2 processors detected
Info (12021): Found 1 design units, including 1 entities, in source file mux_alu.sv
    Info (12023): Found entity 1: mux_ALU File: C:/Users/Chris/Documents/TEC/Taller/LAB_3/ALU_N_bits/mux_ALU.sv Line: 1
Info (12021): Found 1 design units, including 1 entities, in source file mux_sumador.sv
    Info (12023): Found entity 1: mux_Sumador File: C:/Users/Chris/Documents/TEC/Taller/LAB_3/ALU_N_bits/mux_Sumador.sv Line: 1
Info (12021): Found 1 design units, including 1 entities, in source file right_shift_logic.sv
    Info (12023): Found entity 1: right_shift_logic File: C:/Users/Chris/Documents/TEC/Taller/LAB_3/ALU_N_bits/right_shift_logic.sv Line: 1
Info (12021): Found 1 design units, including 1 entities, in source file right_shift_arithmetic.sv
    Info (12023): Found entity 1: right_shift_arithmetic File: C:/Users/Chris/Documents/TEC/Taller/LAB_3/ALU_N_bits/right_shift_arithmetic.sv Line: 1
Info (12021): Found 1 design units, including 1 entities, in source file left_shift_logic.sv
    Info (12023): Found entity 1: left_shift_logic File: C:/Users/Chris/Documents/TEC/Taller/LAB_3/ALU_N_bits/left_shift_logic.sv Line: 1
Info (12021): Found 1 design units, including 1 entities, in source file left_shift_arithmetic.sv
    Info (12023): Found entity 1: left_shift_arithmetic File: C:/Users/Chris/Documents/TEC/Taller/LAB_3/ALU_N_bits/left_shift_arithmetic.sv Line: 1
Info (12021): Found 1 design units, including 1 entities, in source file not_a.sv
    Info (12023): Found entity 1: not_A File: C:/Users/Chris/Documents/TEC/Taller/LAB_3/ALU_N_bits/not_A.sv Line: 1
Info (12021): Found 1 design units, including 1 entities, in source file xor_a.sv
    Info (12023): Found entity 1: xor_A File: C:/Users/Chris/Documents/TEC/Taller/LAB_3/ALU_N_bits/xor_A.sv Line: 1
Info (12021): Found 1 design units, including 1 entities, in source file sumador.sv
    Info (12023): Found entity 1: sumador File: C:/Users/Chris/Documents/TEC/Taller/LAB_3/ALU_N_bits/sumador.sv Line: 1
Info (12021): Found 1 design units, including 1 entities, in source file or_a.sv
    Info (12023): Found entity 1: or_A File: C:/Users/Chris/Documents/TEC/Taller/LAB_3/ALU_N_bits/or_A.sv Line: 1
Info (12021): Found 1 design units, including 1 entities, in source file and_a.sv
    Info (12023): Found entity 1: and_A File: C:/Users/Chris/Documents/TEC/Taller/LAB_3/ALU_N_bits/and_A.sv Line: 1
Info (12021): Found 1 design units, including 1 entities, in source file alu_n_bits.sv
    Info (12023): Found entity 1: ALU_N_bits File: C:/Users/Chris/Documents/TEC/Taller/LAB_3/ALU_N_bits/ALU_N_bits.sv Line: 1
Info (12021): Found 1 design units, including 1 entities, in source file flags.sv
    Info (12023): Found entity 1: flags File: C:/Users/Chris/Documents/TEC/Taller/LAB_3/ALU_N_bits/flags.sv Line: 1
Info (12127): Elaborating entity "ALU_N_bits" for the top level hierarchy
Info (12128): Elaborating entity "mux_Sumador" for hierarchy "mux_Sumador:mux_S" File: C:/Users/Chris/Documents/TEC/Taller/LAB_3/ALU_N_bits/ALU_N_bits.sv Line: 22
Info (12128): Elaborating entity "sumador" for hierarchy "sumador:suma_F" File: C:/Users/Chris/Documents/TEC/Taller/LAB_3/ALU_N_bits/ALU_N_bits.sv Line: 23
Info (12128): Elaborating entity "and_A" for hierarchy "and_A:and_F" File: C:/Users/Chris/Documents/TEC/Taller/LAB_3/ALU_N_bits/ALU_N_bits.sv Line: 24
Info (12128): Elaborating entity "or_A" for hierarchy "or_A:or_F" File: C:/Users/Chris/Documents/TEC/Taller/LAB_3/ALU_N_bits/ALU_N_bits.sv Line: 25
Info (12128): Elaborating entity "xor_A" for hierarchy "xor_A:xor_F" File: C:/Users/Chris/Documents/TEC/Taller/LAB_3/ALU_N_bits/ALU_N_bits.sv Line: 26
Info (12128): Elaborating entity "not_A" for hierarchy "not_A:not_F" File: C:/Users/Chris/Documents/TEC/Taller/LAB_3/ALU_N_bits/ALU_N_bits.sv Line: 27
Info (12128): Elaborating entity "left_shift_arithmetic" for hierarchy "left_shift_arithmetic:lsa" File: C:/Users/Chris/Documents/TEC/Taller/LAB_3/ALU_N_bits/ALU_N_bits.sv Line: 28
Info (12128): Elaborating entity "right_shift_arithmetic" for hierarchy "right_shift_arithmetic:rsa" File: C:/Users/Chris/Documents/TEC/Taller/LAB_3/ALU_N_bits/ALU_N_bits.sv Line: 29
Info (12128): Elaborating entity "left_shift_logic" for hierarchy "left_shift_logic:lsl" File: C:/Users/Chris/Documents/TEC/Taller/LAB_3/ALU_N_bits/ALU_N_bits.sv Line: 30
Info (12128): Elaborating entity "right_shift_logic" for hierarchy "right_shift_logic:rsl" File: C:/Users/Chris/Documents/TEC/Taller/LAB_3/ALU_N_bits/ALU_N_bits.sv Line: 31
Info (12128): Elaborating entity "mux_ALU" for hierarchy "mux_ALU:mux_F" File: C:/Users/Chris/Documents/TEC/Taller/LAB_3/ALU_N_bits/ALU_N_bits.sv Line: 34
Info (12128): Elaborating entity "flags" for hierarchy "flags:flags_F" File: C:/Users/Chris/Documents/TEC/Taller/LAB_3/ALU_N_bits/ALU_N_bits.sv Line: 37
Warning (12011): Net is missing source, defaulting to GND
    Warning (12110): Net "flags[3]" is missing source, defaulting to GND File: C:/Users/Chris/Documents/TEC/Taller/LAB_3/ALU_N_bits/ALU_N_bits.sv Line: 3
    Warning (12110): Net "flags[2]" is missing source, defaulting to GND File: C:/Users/Chris/Documents/TEC/Taller/LAB_3/ALU_N_bits/ALU_N_bits.sv Line: 3
    Warning (12110): Net "flags[1]" is missing source, defaulting to GND File: C:/Users/Chris/Documents/TEC/Taller/LAB_3/ALU_N_bits/ALU_N_bits.sv Line: 3
    Warning (12110): Net "suma_R[7]" is missing source, defaulting to GND File: C:/Users/Chris/Documents/TEC/Taller/LAB_3/ALU_N_bits/ALU_N_bits.sv Line: 21
    Warning (12110): Net "suma_R[6]" is missing source, defaulting to GND File: C:/Users/Chris/Documents/TEC/Taller/LAB_3/ALU_N_bits/ALU_N_bits.sv Line: 21
    Warning (12110): Net "suma_R[5]" is missing source, defaulting to GND File: C:/Users/Chris/Documents/TEC/Taller/LAB_3/ALU_N_bits/ALU_N_bits.sv Line: 21
    Warning (12110): Net "suma_R[4]" is missing source, defaulting to GND File: C:/Users/Chris/Documents/TEC/Taller/LAB_3/ALU_N_bits/ALU_N_bits.sv Line: 21
    Warning (12110): Net "suma_R[3]" is missing source, defaulting to GND File: C:/Users/Chris/Documents/TEC/Taller/LAB_3/ALU_N_bits/ALU_N_bits.sv Line: 21
    Warning (12110): Net "suma_R[2]" is missing source, defaulting to GND File: C:/Users/Chris/Documents/TEC/Taller/LAB_3/ALU_N_bits/ALU_N_bits.sv Line: 21
    Warning (12110): Net "suma_R[1]" is missing source, defaulting to GND File: C:/Users/Chris/Documents/TEC/Taller/LAB_3/ALU_N_bits/ALU_N_bits.sv Line: 21
Warning (12011): Net is missing source, defaulting to GND
    Warning (12110): Net "flags[3]" is missing source, defaulting to GND File: C:/Users/Chris/Documents/TEC/Taller/LAB_3/ALU_N_bits/ALU_N_bits.sv Line: 3
    Warning (12110): Net "flags[2]" is missing source, defaulting to GND File: C:/Users/Chris/Documents/TEC/Taller/LAB_3/ALU_N_bits/ALU_N_bits.sv Line: 3
    Warning (12110): Net "flags[1]" is missing source, defaulting to GND File: C:/Users/Chris/Documents/TEC/Taller/LAB_3/ALU_N_bits/ALU_N_bits.sv Line: 3
    Warning (12110): Net "suma_R[7]" is missing source, defaulting to GND File: C:/Users/Chris/Documents/TEC/Taller/LAB_3/ALU_N_bits/ALU_N_bits.sv Line: 21
    Warning (12110): Net "suma_R[6]" is missing source, defaulting to GND File: C:/Users/Chris/Documents/TEC/Taller/LAB_3/ALU_N_bits/ALU_N_bits.sv Line: 21
    Warning (12110): Net "suma_R[5]" is missing source, defaulting to GND File: C:/Users/Chris/Documents/TEC/Taller/LAB_3/ALU_N_bits/ALU_N_bits.sv Line: 21
    Warning (12110): Net "suma_R[4]" is missing source, defaulting to GND File: C:/Users/Chris/Documents/TEC/Taller/LAB_3/ALU_N_bits/ALU_N_bits.sv Line: 21
    Warning (12110): Net "suma_R[3]" is missing source, defaulting to GND File: C:/Users/Chris/Documents/TEC/Taller/LAB_3/ALU_N_bits/ALU_N_bits.sv Line: 21
    Warning (12110): Net "suma_R[2]" is missing source, defaulting to GND File: C:/Users/Chris/Documents/TEC/Taller/LAB_3/ALU_N_bits/ALU_N_bits.sv Line: 21
    Warning (12110): Net "suma_R[1]" is missing source, defaulting to GND File: C:/Users/Chris/Documents/TEC/Taller/LAB_3/ALU_N_bits/ALU_N_bits.sv Line: 21
Warning (12241): 2 hierarchies have connectivity warnings - see the Connectivity Checks report folder
Warning (13024): Output pins are stuck at VCC or GND
    Warning (13410): Pin "flags[1]" is stuck at GND File: C:/Users/Chris/Documents/TEC/Taller/LAB_3/ALU_N_bits/ALU_N_bits.sv Line: 3
    Warning (13410): Pin "flags[2]" is stuck at GND File: C:/Users/Chris/Documents/TEC/Taller/LAB_3/ALU_N_bits/ALU_N_bits.sv Line: 3
    Warning (13410): Pin "flags[3]" is stuck at GND File: C:/Users/Chris/Documents/TEC/Taller/LAB_3/ALU_N_bits/ALU_N_bits.sv Line: 3
Info (286030): Timing-Driven Synthesis is running
Info (16010): Generating hard_block partition "hard_block:auto_generated_inst"
    Info (16011): Adding 0 node(s), including 0 DDIO, 0 PLL, 0 transceiver and 0 LCELL
Info (21057): Implemented 60 device resources after synthesis - the final resource count might be different
    Info (21058): Implemented 20 input pins
    Info (21059): Implemented 12 output pins
    Info (21061): Implemented 28 logic cells
Info: Quartus Prime Analysis & Synthesis was successful. 0 errors, 28 warnings
    Info: Peak virtual memory: 4822 megabytes
    Info: Processing ended: Tue Oct 16 02:11:00 2018
    Info: Elapsed time: 00:00:24
    Info: Total CPU time (on all processors): 00:00:47


